  clientMain.cpp
D:\School - GDP\Network Programming\Projects\Project 2\Project 2\Project 2\clientMain.cpp(105,29): warning C4244:  '=': conversion from 'uint16_t' to '_Ty', possible loss of data
D:\School - GDP\Network Programming\Projects\Project 2\Project 2\Project 2\clientMain.cpp(105,29): warning C4244:         with
D:\School - GDP\Network Programming\Projects\Project 2\Project 2\Project 2\clientMain.cpp(105,29): warning C4244:         [
D:\School - GDP\Network Programming\Projects\Project 2\Project 2\Project 2\clientMain.cpp(105,29): warning C4244:             _Ty=uint8_t
D:\School - GDP\Network Programming\Projects\Project 2\Project 2\Project 2\clientMain.cpp(105,29): warning C4244:         ]
D:\School - GDP\Network Programming\Projects\Project 2\Project 2\Project 2\clientMain.cpp(112,23): warning C4244:  '=': conversion from 'uint16_t' to '_Ty', possible loss of data
D:\School - GDP\Network Programming\Projects\Project 2\Project 2\Project 2\clientMain.cpp(112,23): warning C4244:         with
D:\School - GDP\Network Programming\Projects\Project 2\Project 2\Project 2\clientMain.cpp(112,23): warning C4244:         [
D:\School - GDP\Network Programming\Projects\Project 2\Project 2\Project 2\clientMain.cpp(112,23): warning C4244:             _Ty=uint8_t
D:\School - GDP\Network Programming\Projects\Project 2\Project 2\Project 2\clientMain.cpp(112,23): warning C4244:         ]
D:\School - GDP\Network Programming\Projects\Project 2\Project 2\Project 2\clientMain.cpp(138,1): warning C4267:  'argument': conversion from 'size_t' to 'const _Elem', possible loss of data
D:\School - GDP\Network Programming\Projects\Project 2\Project 2\Project 2\clientMain.cpp(138,1): warning C4267:         with
D:\School - GDP\Network Programming\Projects\Project 2\Project 2\Project 2\clientMain.cpp(138,1): warning C4267:         [
D:\School - GDP\Network Programming\Projects\Project 2\Project 2\Project 2\clientMain.cpp(138,1): warning C4267:             _Elem=char
D:\School - GDP\Network Programming\Projects\Project 2\Project 2\Project 2\clientMain.cpp(138,1): warning C4267:         ]
D:\School - GDP\Network Programming\Projects\Project 2\Project 2\Project 2\clientMain.cpp(141,21): warning C4018:  '<': signed/unsigned mismatch
D:\School - GDP\Network Programming\Projects\Project 2\Project 2\Project 2\clientMain.cpp(146,1): warning C4267:  '+=': conversion from 'size_t' to 'uint8_t', possible loss of data
D:\School - GDP\Network Programming\Projects\Project 2\Project 2\Project 2\clientMain.cpp(152,1): warning C4267:  'argument': conversion from 'size_t' to 'const _Elem', possible loss of data
D:\School - GDP\Network Programming\Projects\Project 2\Project 2\Project 2\clientMain.cpp(152,1): warning C4267:         with
D:\School - GDP\Network Programming\Projects\Project 2\Project 2\Project 2\clientMain.cpp(152,1): warning C4267:         [
D:\School - GDP\Network Programming\Projects\Project 2\Project 2\Project 2\clientMain.cpp(152,1): warning C4267:             _Elem=char
D:\School - GDP\Network Programming\Projects\Project 2\Project 2\Project 2\clientMain.cpp(152,1): warning C4267:         ]
D:\School - GDP\Network Programming\Projects\Project 2\Project 2\Project 2\clientMain.cpp(155,21): warning C4018:  '<': signed/unsigned mismatch
D:\School - GDP\Network Programming\Projects\Project 2\Project 2\Project 2\clientMain.cpp(214,1): error C4996:  'inet_addr': Use inet_pton() or InetPton() instead or define _WINSOCK_DEPRECATED_NO_WARNINGS to disable deprecated API warnings
C:\Program Files (x86)\Windows Kits\10\Include\10.0.17763.0\um\WinSock2.h(1831): message :  see declaration of 'inet_addr'
D:\School - GDP\Network Programming\Projects\Project 2\Project 2\Project 2\clientMain.cpp(217,1): error C4996:  'gethostbyname': Use getaddrinfo() or GetAddrInfoW() instead or define _WINSOCK_DEPRECATED_NO_WARNINGS to disable deprecated API warnings
C:\Program Files (x86)\Windows Kits\10\Include\10.0.17763.0\um\WinSock2.h(2219): message :  see declaration of 'gethostbyname'
