  clientMain.cpp
  User.cpp
D:\School - GDP\Network Programming\Projects\Project 2\Project 2\Project 2\User.cpp(132,52): warning C4267:  'argument': conversion from 'size_t' to 'uint32_t', possible loss of data
D:\School - GDP\Network Programming\Projects\Project 2\Project 2\Project 2\User.cpp(138,52): warning C4267:  'argument': conversion from 'size_t' to 'uint32_t', possible loss of data
D:\School - GDP\Network Programming\Projects\Project 2\Project 2\Project 2\User.cpp(144,52): warning C4267:  'argument': conversion from 'size_t' to 'uint32_t', possible loss of data
  Generating Code...
D:\School - GDP\Network Programming\Projects\Project 2\Project 2\Project 2\User.cpp(146,55): warning C4267:  'argument': conversion from 'size_t' to 'uint32_t', possible loss of data
User.obj : error LNK2019: unresolved external symbol __imp_closesocket referenced in function "public: void __cdecl User::Update(void)" (?Update@User@@QEAAXXZ)
User.obj : error LNK2019: unresolved external symbol __imp_connect referenced in function "public: void __cdecl User::joinServer(class std::basic_string<char,struct std::char_traits<char>,class std::allocator<char> >,class std::basic_string<char,struct std::char_traits<char>,class std::allocator<char> >)" (?joinServer@User@@QEAAXV?$basic_string@DU?$char_traits@D@std@@V?$allocator@D@2@@std@@0@Z)
User.obj : error LNK2019: unresolved external symbol __imp_ioctlsocket referenced in function "public: void __cdecl User::joinServer(class std::basic_string<char,struct std::char_traits<char>,class std::allocator<char> >,class std::basic_string<char,struct std::char_traits<char>,class std::allocator<char> >)" (?joinServer@User@@QEAAXV?$basic_string@DU?$char_traits@D@std@@V?$allocator@D@2@@std@@0@Z)
User.obj : error LNK2019: unresolved external symbol __imp_htons referenced in function "public: void __cdecl User::joinServer(class std::basic_string<char,struct std::char_traits<char>,class std::allocator<char> >,class std::basic_string<char,struct std::char_traits<char>,class std::allocator<char> >)" (?joinServer@User@@QEAAXV?$basic_string@DU?$char_traits@D@std@@V?$allocator@D@2@@std@@0@Z)
User.obj : error LNK2019: unresolved external symbol __imp_inet_addr referenced in function "public: void __cdecl User::joinServer(class std::basic_string<char,struct std::char_traits<char>,class std::allocator<char> >,class std::basic_string<char,struct std::char_traits<char>,class std::allocator<char> >)" (?joinServer@User@@QEAAXV?$basic_string@DU?$char_traits@D@std@@V?$allocator@D@2@@std@@0@Z)
User.obj : error LNK2019: unresolved external symbol __imp_recv referenced in function "public: void __cdecl User::Update(void)" (?Update@User@@QEAAXXZ)
User.obj : error LNK2019: unresolved external symbol __imp_send referenced in function "public: void __cdecl User::SendBufferToServer(void)" (?SendBufferToServer@User@@QEAAXXZ)
User.obj : error LNK2019: unresolved external symbol __imp_socket referenced in function "public: void __cdecl User::joinServer(class std::basic_string<char,struct std::char_traits<char>,class std::allocator<char> >,class std::basic_string<char,struct std::char_traits<char>,class std::allocator<char> >)" (?joinServer@User@@QEAAXV?$basic_string@DU?$char_traits@D@std@@V?$allocator@D@2@@std@@0@Z)
User.obj : error LNK2019: unresolved external symbol __imp_gethostbyname referenced in function "public: void __cdecl User::joinServer(class std::basic_string<char,struct std::char_traits<char>,class std::allocator<char> >,class std::basic_string<char,struct std::char_traits<char>,class std::allocator<char> >)" (?joinServer@User@@QEAAXV?$basic_string@DU?$char_traits@D@std@@V?$allocator@D@2@@std@@0@Z)
User.obj : error LNK2019: unresolved external symbol __imp_WSAStartup referenced in function "public: __cdecl User::User(void)" (??0User@@QEAA@XZ)
User.obj : error LNK2019: unresolved external symbol __imp_WSAGetLastError referenced in function "public: __cdecl User::User(void)" (??0User@@QEAA@XZ)
User.obj : error LNK2019: unresolved external symbol __imp_WSAPoll referenced in function "public: void __cdecl User::joinServer(class std::basic_string<char,struct std::char_traits<char>,class std::allocator<char> >,class std::basic_string<char,struct std::char_traits<char>,class std::allocator<char> >)" (?joinServer@User@@QEAAXV?$basic_string@DU?$char_traits@D@std@@V?$allocator@D@2@@std@@0@Z)
D:\School - GDP\Network Programming\Projects\Project 2\Project 2\x64\Debug\Client.exe : fatal error LNK1120: 12 unresolved externals
